<?xml version="1.0" encoding="UTF-8" ?>
<testsuite errors="0" failures="0" hostname="W510" name="ch.ood.iwa.module.presenter.UsersPresenterTest" tests="3" time="0.178" timestamp="2011-09-18T13:20:56">
  <properties>
[...]
</properties>
  <testcase classname="ch.ood.iwa.module.presenter.UsersPresenterTest" name="testHandleNewUserButtonClicked" time="0.113"></testcase>
  <testcase classname="ch.ood.iwa.module.presenter.UsersPresenterTest" name="testHandleSaveUserButtonClicked" time="0.0030"></testcase>
  <testcase classname="ch.ood.iwa.module.presenter.UsersPresenterTest" name="testDeleteUser" time="0.0020"></testcase>
  <system-out><![CDATA[]]></system-out>
  <system-err><![CDATA[]]></system-err>
</testsuite>
