<?xml version="1.0" encoding="UTF-8" ?>
<testsuites>
  <testsuite errors="0" failures="0" hostname="W510" id="0" name="PasswordGeneratorTest" package="ch.ood.iwa" tests="2" time="0.069" timestamp="2011-09-17T12:45:50">
      <properties>
[...]
</properties>

      <testcase classname="ch.ood.iwa.PasswordGeneratorTest" name="testPasswordLength" time="0.0020" />

      <testcase classname="ch.ood.iwa.PasswordGeneratorTest" name="testPasswordUniqueness" time="0.0" />

      <system-out />

      <system-err />

  </testsuite>
  <testsuite errors="0" failures="0" hostname="W510" id="1" name="TestIwaUtil" package="ch.ood.iwa" tests="4" time="0.085" timestamp="2011-09-17T12:45:51">
      <properties>
[...]
</properties>

      <testcase classname="ch.ood.iwa.TestIwaUtil" name="validEmail" time="0.012" />

      <testcase classname="ch.ood.iwa.TestIwaUtil" name="invalidEmail_1" time="0.0" />

      <testcase classname="ch.ood.iwa.TestIwaUtil" name="invalidEmail_2" time="0.0010" />

      <testcase classname="ch.ood.iwa.TestIwaUtil" name="invalidEmail_3" time="0.0" />

      <system-out />

      <system-err />

  </testsuite>
  <testsuite errors="0" failures="0" hostname="W510" id="2" name="UsersPresenterTest" package="ch.ood.iwa.module.presenter" tests="3" time="0.182" timestamp="2011-09-17T12:45:51">
      <properties>
[...]
</properties>

      <testcase classname="ch.ood.iwa.module.presenter.UsersPresenterTest" name="testHandleNewUserButtonClicked" time="0.119" />

      <testcase classname="ch.ood.iwa.module.presenter.UsersPresenterTest" name="testHandleSaveUserButtonClicked" time="0.0020" />

      <testcase classname="ch.ood.iwa.module.presenter.UsersPresenterTest" name="testDeleteUser" time="0.0020" />

      <system-out />

      <system-err />

  </testsuite>
  <testsuite errors="0" failures="0" hostname="W510" id="3" name="TestIwaEntityModelAgainstGAE" package="ch.ood.iwa.persistence" tests="1" time="1.492" timestamp="2011-09-17T12:45:49">
      <properties>
[...]
</properties>

      <testcase classname="ch.ood.iwa.persistence.TestIwaEntityModelAgainstGAE" name="testAuthorization" time="0.422" />

      <system-out />

      <system-err><![CDATA[17.09.2011 14:45:49 org.datanucleus.plugin.NonManagedPluginRegistry resolveConstraints
INFO: Bundle "org.datanucleus.jpa" has an optional dependency to "org.datanucleus.enhancer" but it cannot be resolved
17.09.2011 14:45:49 org.datanucleus.plugin.NonManagedPluginRegistry resolveConstraints
INFO: Bundle "org.datanucleus" has an optional dependency to "org.eclipse.equinox.registry" but it cannot be resolved
17.09.2011 14:45:49 org.datanucleus.plugin.NonManagedPluginRegistry resolveConstraints
INFO: Bundle "org.datanucleus" has an optional dependency to "org.eclipse.core.runtime" but it cannot be resolved
17.09.2011 14:45:49 org.datanucleus.plugin.NonManagedPluginRegistry resolveConstraints
INFO: Bundle "org.datanucleus.jpa" has an optional dependency to "org.datanucleus.enhancer" but it cannot be resolved
17.09.2011 14:45:49 org.datanucleus.plugin.NonManagedPluginRegistry resolveConstraints
INFO: Bundle "org.datanucleus" has an optional dependency to "org.eclipse.equinox.registry" but it cannot be resolved
17.09.2011 14:45:49 org.datanucleus.plugin.NonManagedPluginRegistry resolveConstraints
INFO: Bundle "org.datanucleus" has an optional dependency to "org.eclipse.core.runtime" but it cannot be resolved
17.09.2011 14:45:50 org.datanucleus.PersistenceConfiguration setProperty
INFO: Property datanucleus.rdbms.sql.allowAllSQLStatements unknown - will be ignored
17.09.2011 14:45:50 org.datanucleus.PersistenceConfiguration setProperty
INFO: Property datanucleus.rdbms.query.containsUsesExistsAlways unknown - will be ignored
17.09.2011 14:45:50 org.datanucleus.PersistenceConfiguration setProperty
INFO: Property datanucleus.rdbms.stringDefaultLength unknown - will be ignored
17.09.2011 14:45:50 org.datanucleus.PersistenceConfiguration setProperty
INFO: Property datanucleus.appengine.ignorableMetaDataBehavior unknown - will be ignored
17.09.2011 14:45:50 org.datanucleus.PersistenceConfiguration setProperty
INFO: Property datanucleus.appengine.storageVersion unknown - will be ignored
17.09.2011 14:45:50 org.datanucleus.ObjectManagerFactoryImpl logConfiguration
INFO: ================= Persistence Configuration ===============
17.09.2011 14:45:50 org.datanucleus.ObjectManagerFactoryImpl logConfiguration
INFO: DataNucleus Persistence Factory - Vendor: "DataNucleus"  Version: "1.1.5"
17.09.2011 14:45:50 org.datanucleus.ObjectManagerFactoryImpl logConfiguration
INFO: DataNucleus Persistence Factory initialised for datastore URL="appengine" driver="" userName=""
17.09.2011 14:45:50 org.datanucleus.ObjectManagerFactoryImpl logConfiguration
INFO: ===========================================================
17.09.2011 14:45:50 org.datanucleus.PersistenceConfiguration setProperty
INFO: Property datanucleus.appengine.autoCreateDatastoreTxns unknown - will be ignored
17.09.2011 14:45:50 org.datanucleus.PersistenceConfiguration setProperty
INFO: Property datanucleus.query.cached unknown - will be ignored
17.09.2011 14:45:50 org.datanucleus.jpa.metadata.JPAAnnotationReader processClassAnnotations
INFO: Class "org.vaadin.appfoundation.persistence.data.AbstractPojo" has been specified with JPA annotations so using those.
17.09.2011 14:45:50 org.datanucleus.jpa.metadata.JPAAnnotationReader processClassAnnotations
INFO: Class "org.vaadin.appfoundation.authorization.jpa.PermissionEntity" has been specified with JPA annotations so using those.
17.09.2011 14:45:50 org.datanucleus.jpa.metadata.JPAAnnotationReader processClassAnnotations
INFO: Class "org.vaadin.appfoundation.authorization.Role" has been specified with JPA annotations so using those.
17.09.2011 14:45:50 org.datanucleus.jpa.metadata.JPAAnnotationReader processClassAnnotations
INFO: Class "org.vaadin.appfoundation.authentication.data.User" has been specified with JPA annotations so using those.
17.09.2011 14:45:50 org.datanucleus.jpa.metadata.JPAAnnotationReader processClassAnnotations
INFO: Class "ch.ood.iwa.authorization.ModulePermission" has been specified with JPA annotations so using those.
17.09.2011 14:45:50 org.datanucleus.store.appengine.MetaDataValidator validate
INFO: Performing appengine-specific metadata validation for org.vaadin.appfoundation.authentication.data.User
17.09.2011 14:45:50 org.datanucleus.store.appengine.MetaDataValidator validate
INFO: Finished performing appengine-specific metadata validation for org.vaadin.appfoundation.authentication.data.User
17.09.2011 14:45:50 org.datanucleus.store.StoreDataManager registerStoreData
INFO: Managing Persistence of Class : org.vaadin.appfoundation.persistence.data.AbstractPojo [Table : (none), InheritanceStrategy : subclass-table]
17.09.2011 14:45:50 org.datanucleus.store.StoreDataManager registerStoreData
INFO: Managing Persistence of Class : org.vaadin.appfoundation.persistence.data.AbstractPojo [Table : (none), InheritanceStrategy : subclass-table]
17.09.2011 14:45:50 org.datanucleus.store.StoreDataManager registerStoreData
INFO: Managing Persistence of Class : org.vaadin.appfoundation.authentication.data.User [Table : <class name="User"
       identity-type="application"
       objectid-class="javax.jdo.identity.StringIdentity"
       persistence-modifier="persistence-capable"
       table="appuser"
       detachable="true"
>
<inheritance strategy="new-table">
</inheritance>
<unique table="appuser">
<column name="username"/>
</unique>
<field name="accountLocked"
       persistence-modifier="persistent"
       null-value="none"
       default-fetch-group="true"
       embedded="true"
       unique="false">
</field>
<field name="email"
       persistence-modifier="persistent"
       null-value="none"
       default-fetch-group="true"
       embedded="true"
       unique="false">
</field>
<field name="failedLoginAttempts"
       persistence-modifier="persistent"
       null-value="none"
       default-fetch-group="true"
       embedded="true"
       unique="false">
</field>
<field name="name"
       persistence-modifier="persistent"
       null-value="none"
       default-fetch-group="true"
       embedded="true"
       unique="false">
</field>
<field name="password"
       persistence-modifier="persistent"
       null-value="none"
       default-fetch-group="true"
       embedded="true"
       unique="false">
</field>
<field name="reasonForLockedAccount"
       persistence-modifier="persistent"
       null-value="none"
       default-fetch-group="true"
       embedded="true"
       unique="false">
</field>
<field name="role"
       persistence-modifier="persistent"
       null-value="none"
       default-fetch-group="true"
       embedded="true"
       unique="false">
</field>
<field name="username"
       persistence-modifier="persistent"
       null-value="none"
       default-fetch-group="true"
       embedded="true"
       unique="false">
</field>
</class>
, InheritanceStrategy : new-table]
17.09.2011 14:45:50 org.datanucleus.store.StoreDataManager registerStoreData
INFO: Managing Persistence of Class : org.vaadin.appfoundation.authentication.data.User [Table : <class name="User"
       identity-type="application"
       objectid-class="javax.jdo.identity.StringIdentity"
       persistence-modifier="persistence-capable"
       table="appuser"
       detachable="true"
>
<inheritance strategy="new-table">
</inheritance>
<unique table="appuser">
<column name="username"/>
</unique>
<field name="accountLocked"
       persistence-modifier="persistent"
       null-value="none"
       default-fetch-group="true"
       embedded="true"
       unique="false">
</field>
<field name="email"
       persistence-modifier="persistent"
       null-value="none"
       default-fetch-group="true"
       embedded="true"
       unique="false">
</field>
<field name="failedLoginAttempts"
       persistence-modifier="persistent"
       null-value="none"
       default-fetch-group="true"
       embedded="true"
       unique="false">
</field>
<field name="name"
       persistence-modifier="persistent"
       null-value="none"
       default-fetch-group="true"
       embedded="true"
       unique="false">
</field>
<field name="password"
       persistence-modifier="persistent"
       null-value="none"
       default-fetch-group="true"
       embedded="true"
       unique="false">
</field>
<field name="reasonForLockedAccount"
       persistence-modifier="persistent"
       null-value="none"
       default-fetch-group="true"
       embedded="true"
       unique="false">
</field>
<field name="role"
       persistence-modifier="persistent"
       null-value="none"
       default-fetch-group="true"
       embedded="true"
       unique="false">
</field>
<field name="username"
       persistence-modifier="persistent"
       null-value="none"
       default-fetch-group="true"
       embedded="true"
       unique="false">
</field>
</class>
, InheritanceStrategy : new-table]
17.09.2011 14:45:50 org.datanucleus.store.appengine.MetaDataValidator validate
INFO: Performing appengine-specific metadata validation for org.vaadin.appfoundation.authorization.Role
17.09.2011 14:45:50 org.datanucleus.store.appengine.MetaDataValidator validate
INFO: Finished performing appengine-specific metadata validation for org.vaadin.appfoundation.authorization.Role
17.09.2011 14:45:50 org.datanucleus.store.StoreDataManager registerStoreData
INFO: Managing Persistence of Class : org.vaadin.appfoundation.authorization.Role [Table : <class name="Role"
       identity-type="application"
       objectid-class="javax.jdo.identity.StringIdentity"
       persistence-modifier="persistence-capable"
       detachable="true"
>
<inheritance strategy="new-table">
</inheritance>
<field name="identifier"
       persistence-modifier="persistent"
       null-value="none"
       default-fetch-group="true"
       embedded="true"
       unique="false">
</field>
<field name="roles"
       persistence-modifier="persistent"
       null-value="none"
       default-fetch-group="false"
       embedded="false"
       unique="false">
<collection element-type="org.vaadin.appfoundation.authorization.Role" embedded-element="false">
</collection>
</field>
</class>
, InheritanceStrategy : new-table]
17.09.2011 14:45:50 org.datanucleus.store.StoreDataManager registerStoreData
INFO: Managing Persistence of Class : org.vaadin.appfoundation.authorization.Role [Table : <class name="Role"
       identity-type="application"
       objectid-class="javax.jdo.identity.StringIdentity"
       persistence-modifier="persistence-capable"
       detachable="true"
>
<inheritance strategy="new-table">
</inheritance>
<field name="identifier"
       persistence-modifier="persistent"
       null-value="none"
       default-fetch-group="true"
       embedded="true"
       unique="false">
</field>
<field name="roles"
       persistence-modifier="persistent"
       null-value="none"
       default-fetch-group="false"
       embedded="false"
       unique="false">
<collection element-type="org.vaadin.appfoundation.authorization.Role" embedded-element="false">
</collection>
</field>
</class>
, InheritanceStrategy : new-table]
17.09.2011 14:45:50 org.datanucleus.store.appengine.MetaDataValidator validate
INFO: Performing appengine-specific metadata validation for ch.ood.iwa.authorization.ModulePermission
17.09.2011 14:45:50 org.datanucleus.store.appengine.MetaDataValidator validate
INFO: Finished performing appengine-specific metadata validation for ch.ood.iwa.authorization.ModulePermission
17.09.2011 14:45:50 org.datanucleus.store.StoreDataManager registerStoreData
INFO: Managing Persistence of Class : ch.ood.iwa.authorization.ModulePermission [Table : <class name="ModulePermission"
       identity-type="application"
       objectid-class="javax.jdo.identity.StringIdentity"
       persistence-modifier="persistence-capable"
       detachable="true"
>
<inheritance strategy="new-table">
</inheritance>
<field name="moduleName"
       persistence-modifier="persistent"
       null-value="none"
       default-fetch-group="true"
       embedded="true"
       unique="false">
</field>
<field name="roleName"
       persistence-modifier="persistent"
       null-value="none"
       default-fetch-group="true"
       embedded="true"
       unique="false">
</field>
</class>
, InheritanceStrategy : new-table]
17.09.2011 14:45:50 org.datanucleus.store.StoreDataManager registerStoreData
INFO: Managing Persistence of Class : ch.ood.iwa.authorization.ModulePermission [Table : <class name="ModulePermission"
       identity-type="application"
       objectid-class="javax.jdo.identity.StringIdentity"
       persistence-modifier="persistence-capable"
       detachable="true"
>
<inheritance strategy="new-table">
</inheritance>
<field name="moduleName"
       persistence-modifier="persistent"
       null-value="none"
       default-fetch-group="true"
       embedded="true"
       unique="false">
</field>
<field name="roleName"
       persistence-modifier="persistent"
       null-value="none"
       default-fetch-group="true"
       embedded="true"
       unique="false">
</field>
</class>
, InheritanceStrategy : new-table]
]]></system-err>

  </testsuite>
  <testsuite errors="0" failures="0" hostname="W510" id="4" name="TestIwaEntityModelAgainstMySql" package="ch.ood.iwa.persistence" tests="1" time="2.301" timestamp="2011-09-17T12:45:52">
      <properties>
[...]
</properties>

      <testcase classname="ch.ood.iwa.persistence.TestIwaEntityModelAgainstMySql" name="testAuthorization" time="0.758" />

      <system-out />

      <system-err><![CDATA[17.09.2011 14:45:52 org.datanucleus.plugin.NonManagedPluginRegistry resolveConstraints
INFO: Bundle "org.datanucleus.jpa" has an optional dependency to "org.datanucleus.enhancer" but it cannot be resolved
17.09.2011 14:45:52 org.datanucleus.plugin.NonManagedPluginRegistry resolveConstraints
INFO: Bundle "org.datanucleus" has an optional dependency to "org.eclipse.equinox.registry" but it cannot be resolved
17.09.2011 14:45:52 org.datanucleus.plugin.NonManagedPluginRegistry resolveConstraints
INFO: Bundle "org.datanucleus" has an optional dependency to "org.eclipse.core.runtime" but it cannot be resolved
17.09.2011 14:45:53 org.datanucleus.plugin.NonManagedPluginRegistry resolveConstraints
INFO: Bundle "org.datanucleus.jpa" has an optional dependency to "org.datanucleus.enhancer" but it cannot be resolved
17.09.2011 14:45:53 org.datanucleus.plugin.NonManagedPluginRegistry resolveConstraints
INFO: Bundle "org.datanucleus" has an optional dependency to "org.eclipse.equinox.registry" but it cannot be resolved
17.09.2011 14:45:53 org.datanucleus.plugin.NonManagedPluginRegistry resolveConstraints
INFO: Bundle "org.datanucleus" has an optional dependency to "org.eclipse.core.runtime" but it cannot be resolved
17.09.2011 14:45:53 org.datanucleus.ObjectManagerFactoryImpl logConfiguration
INFO: ================= Persistence Configuration ===============
17.09.2011 14:45:53 org.datanucleus.ObjectManagerFactoryImpl logConfiguration
INFO: DataNucleus Persistence Factory - Vendor: "DataNucleus"  Version: "1.1.5"
17.09.2011 14:45:53 org.datanucleus.ObjectManagerFactoryImpl logConfiguration
INFO: DataNucleus Persistence Factory initialised for datastore URL="jdbc:mysql://localhost:3306/iwa" driver="com.mysql.jdbc.Driver" userName="iwa"
17.09.2011 14:45:53 org.datanucleus.ObjectManagerFactoryImpl logConfiguration
INFO: ===========================================================
17.09.2011 14:45:53 org.datanucleus.store.rdbms.table.AbstractTable create
INFO: Creating table `DELETEME1316263553461`
17.09.2011 14:45:53 org.datanucleus.store.rdbms.table.ProbeTable findSchemaDetails
INFO: Schema Name could not be determined for this datastore
17.09.2011 14:45:53 org.datanucleus.store.rdbms.table.AbstractTable drop
INFO: Dropping table `DELETEME1316263553461`
17.09.2011 14:45:53 org.datanucleus.store.rdbms.RDBMSManager initialiseSchema
INFO: Initialising Catalog "iwa", Schema "" using "None" auto-start option
17.09.2011 14:45:53 org.datanucleus.store.rdbms.RDBMSManager initialiseSchema
INFO: Catalog "iwa", Schema "" initialised - managing 0 classes
17.09.2011 14:45:53 org.datanucleus.metadata.xml.AbstractMetaDataHandler error
WARNUNG: MetaData Parser encountered an error in file "file:/C:/workspaces/workspaceVemico/IwaTestTomcat/WebContent/WEB-INF/classes/META-INF/orm.xml" at line 4, column 117 : cvc-complex-type.3.1: Value '1.0' of attribute 'version' of element 'entity-mappings' is not valid with respect to the corresponding attribute use. Attribute 'version' has a fixed value of '2.0'. - Please check your specification of DTD and the validity of the MetaData XML that you have specified.
17.09.2011 14:45:53 org.datanucleus.jpa.metadata.JPAAnnotationReader processClassAnnotations
INFO: Class "org.vaadin.appfoundation.authorization.jpa.PermissionEntity" has been specified with JPA annotations so using those.
17.09.2011 14:45:53 org.datanucleus.jpa.metadata.JPAAnnotationReader processClassAnnotations
INFO: Class "org.vaadin.appfoundation.authorization.Role" has been specified with JPA annotations so using those.
17.09.2011 14:45:53 org.datanucleus.jpa.metadata.JPAAnnotationReader processClassAnnotations
INFO: Class "org.vaadin.appfoundation.authentication.data.User" has been specified with JPA annotations so using those.
17.09.2011 14:45:53 org.datanucleus.jpa.metadata.JPAAnnotationReader processClassAnnotations
INFO: Class "ch.ood.iwa.authorization.ModulePermission" has been specified with JPA annotations so using those.
17.09.2011 14:45:53 org.datanucleus.jpa.metadata.JPAAnnotationReader processClassAnnotations
INFO: Class "org.vaadin.appfoundation.persistence.data.AbstractPojo" has been specified with JPA annotations so using those.
17.09.2011 14:45:53 org.datanucleus.store.StoreDataManager registerStoreData
INFO: Managing Persistence of Class : org.vaadin.appfoundation.persistence.data.AbstractPojo [Table : (none), InheritanceStrategy : subclass-table]
17.09.2011 14:45:53 org.datanucleus.store.StoreDataManager registerStoreData
INFO: Managing Persistence of Class : org.vaadin.appfoundation.authentication.data.User [Table : `APPUSER`, InheritanceStrategy : new-table]
17.09.2011 14:45:53 org.datanucleus.store.rdbms.table.TableImpl validateIndices
INFO: Validating 2 index(es) for table `APPUSER`
17.09.2011 14:45:53 org.datanucleus.store.rdbms.table.TableImpl validateForeignKeys
INFO: Validating 0 foreign key(s) for table `APPUSER`
17.09.2011 14:45:53 org.datanucleus.store.rdbms.table.TableImpl validateCandidateKeys
INFO: Validating 2 unique key(s) for table `APPUSER`
17.09.2011 14:45:54 org.datanucleus.store.StoreDataManager registerStoreData
INFO: Managing Persistence of Class : org.vaadin.appfoundation.authorization.Role [Table : `ROLE`, InheritanceStrategy : new-table]
17.09.2011 14:45:54 org.datanucleus.store.rdbms.table.TableImpl validateIndices
INFO: Validating 2 index(es) for table `ROLE`
17.09.2011 14:45:54 org.datanucleus.store.rdbms.table.TableImpl validateForeignKeys
INFO: Validating 1 foreign key(s) for table `ROLE`
17.09.2011 14:45:54 org.datanucleus.store.rdbms.table.TableImpl validateCandidateKeys
INFO: Validating 1 unique key(s) for table `ROLE`
17.09.2011 14:45:54 org.datanucleus.store.StoreDataManager registerStoreData
INFO: Managing Persistence of Class : ch.ood.iwa.authorization.ModulePermission [Table : `MODULEPERMISSION`, InheritanceStrategy : new-table]
17.09.2011 14:45:54 org.datanucleus.store.rdbms.table.TableImpl validateIndices
INFO: Validating 1 index(es) for table `MODULEPERMISSION`
17.09.2011 14:45:54 org.datanucleus.store.rdbms.table.TableImpl validateForeignKeys
INFO: Validating 0 foreign key(s) for table `MODULEPERMISSION`
17.09.2011 14:45:54 org.datanucleus.store.rdbms.table.TableImpl validateCandidateKeys
INFO: Validating 1 unique key(s) for table `MODULEPERMISSION`
]]></system-err>

  </testsuite>
</testsuites>
